// Spring Shell 1.2.0.RELEASE log opened at 2017-03-17 11:55:37
help
;
version
quit
// Spring Shell 1.2.0.RELEASE log closed at 2017-03-17 11:56:39
// Spring Shell 1.1.0.RELEASE log opened at 2017-03-17 15:33:38
version
help
quit
// Spring Shell 1.1.0.RELEASE log closed at 2017-03-17 15:34:08
// Spring Shell 1.1.0.RELEASE log opened at 2017-03-17 16:06:30
help
version
quit
// Spring Shell 1.1.0.RELEASE log closed at 2017-03-17 16:06:37
// Spring Shell 1.2.0.RELEASE log opened at 2017-03-17 16:45:50
help
version
quit
// Spring Shell 1.2.0.RELEASE log closed at 2017-03-17 16:46:00
